
Total CT: 24102
Successful conversion: 24102
Duplicated structures: 44
G28652SY,G50955ZI	WURCS=2.0/6,7,6/[axxxxh-1x_1-5][a1221m-1a_1-5][a2122h-1b_1-5_2*NCC/3=O][a1122h-1b_1-5][a212h-1b_1-5][a1122h-1a_1-5]/1-2-3-4-5-6-6/a3-b1_a4-c1_c4-d1_d2-e1_d3-f1_d6-g1
G34826IV,G99475XL	WURCS=2.0/3,11,0+/[Aad21122h-2a_2-6_5*NCC/3=O][axxxxh-1x_1-5_2*NCC/3=O][axxxxh-1x_1-5]/1-2-2-2-2-3-3-3-3-3-3/
G68466ND,G61514UE,G17802QE	WURCS=2.0/2,10,0+/[axxxxh-1x_1-5_2*NCC/3=O][axxxxh-1x_1-5]/1-1-1-1-1-2-2-2-2-2/
G75366RT,G47513TC,G13933DE	WURCS=2.0/2,14,0+/[axxxxh-1x_1-5_2*NCC/3=O][axxxxh-1x_1-5]/1-1-1-1-1-1-2-2-2-2-2-2-2-2/
G05283ZZ,G68282NE	WURCS=2.0/2,6,0+/[axxxxh-1x_1-5_2*NCC/3=O][axxxxh-1x_1-5]/1-1-1-2-2-2/
G22831MQ,G02630ZD	WURCS=2.0/2,9,0+/[axxxxh-1x_1-5_2*NCC/3=O][axxxxh-1x_1-5]/1-1-2-2-2-2-2-2-2/
G55952LV,G97309CM,G17563EJ,G83183SE	WURCS=2.0/2,9,0+/[axxxxh-1x_1-5_2*NCC/3=O][axxxxh-1x_1-5]/1-1-1-2-2-2-2-2-2/
G77994OH,G61885YO,G85909QW,G74082KL	WURCS=2.0/2,11,0+/[axxxxh-1x_1-5_2*NCC/3=O][axxxxh-1x_1-5]/1-1-1-1-1-2-2-2-2-2-2/
G32804DN,G53133ZY,G96950YI	WURCS=2.0/2,11,0+/[axxxxh-1x_1-5_2*NCC/3=O][axxxxh-1x_1-5]/1-1-1-1-1-1-2-2-2-2-2/
G13070RH,G59078UZ	WURCS=2.0/2,8,0+/[axxxxh-1x_1-5_2*NCC/3=O][axxxxh-1x_1-5]/1-1-2-2-2-2-2-2/
G45568AA,G73345VV,G82317VX	WURCS=2.0/2,16,0+/[axxxxh-1x_1-5_2*NCC/3=O][axxxxh-1x_1-5]/1-1-1-1-1-1-1-1-2-2-2-2-2-2-2-2/
G20934UH,G10444WU	WURCS=2.0/1,1,0/[axxxh-1x_1-4]/1/
G18792TM,G29270AZ,G37535BG	WURCS=2.0/2,12,0+/[axxxxh-1x_1-5_2*NCC/3=O][axxxxh-1x_1-5]/1-1-1-1-2-2-2-2-2-2-2-2/
G25742LN,G20861AN,G65828YT,G99518OM,G74485ID	WURCS=2.0/2,12,0+/[axxxxh-1x_1-5_2*NCC/3=O][axxxxh-1x_1-5]/1-1-1-1-1-2-2-2-2-2-2-2/
G39448FX,G11617NC,G20436KH,G43311WK	WURCS=2.0/2,10,0+/[axxxxh-1x_1-5_2*NCC/3=O][axxxxh-1x_1-5]/1-1-1-1-2-2-2-2-2-2/
G46804HY,G34807PD,G17013IQ,G30118JA	WURCS=2.0/2,13,0+/[axxxxh-1x_1-5_2*NCC/3=O][axxxxh-1x_1-5]/1-1-1-1-1-1-2-2-2-2-2-2-2/
G59309LY,G39582YY	WURCS=2.0/2,11,0+/[axxxxh-1x_1-5_2*NCC/3=O][axxxxh-1x_1-5]/1-1-1-2-2-2-2-2-2-2-2/
G72827TZ,G54675NM	WURCS=2.0/2,9,0+/[axxxxh-1x_1-5_2*NCC/3=O][axxxxh-1x_1-5]/1-1-1-1-1-2-2-2-2/
G90374CF,G56244BI	WURCS=2.0/2,8,0+/[axxxxh-1x_1-5_2*NCC/3=O][axxxxh-1x_1-5]/1-1-1-1-1-2-2-2/
G90587ZW,G28589EC	WURCS=2.0/2,16,0+/[axxxxh-1x_1-5_2*NCC/3=O][axxxxh-1x_1-5]/1-1-1-1-1-1-2-2-2-2-2-2-2-2-2-2/
G92553HS,G57337QO,G59129LM	WURCS=2.0/2,10,0+/[axxxxh-1x_1-5_2*NCC/3=O][axxxxh-1x_1-5]/1-1-1-2-2-2-2-2-2-2/
G92195EH,G20191HY	WURCS=2.0/4,10,9/[a2122h-1x_1-5][a2112h-1b_1-5][a2122h-1b_1-5_2*NCC/3=O][a1221m-1a_1-5]/1-2-3-2-3-4-2-3-2-4/a4-b1_b3-c1_b6-e1_c3-d1_e3-f1_e4-g1_g3-h1_h3-i1_i2-j1
G55193JF,G84287HK	WURCS=2.0/2,10,0+/[axxxxh-1x_1-5_2*NCC/3=O][axxxxh-1x_1-5]/1-1-1-1-1-1-2-2-2-2/
G98949DH,G93858VJ	WURCS=2.0/3,11,0+/[axxxxh-1x_1-5_2*NCC/3=O][axxxxh-1x_1-5][axxxxA-1x_1-5]/1-1-1-1-1-2-2-2-2-2-3/
G04500MR,G52182RP,G26689CL	WURCS=2.0/2,8,0+/[axxxxh-1x_1-5_2*NCC/3=O][axxxxh-1x_1-5]/1-1-1-2-2-2-2-2/
G38034XB,G74132QK,G13864IM,G21125ID	WURCS=2.0/2,12,0+/[axxxxh-1x_1-5_2*NCC/3=O][axxxxh-1x_1-5]/1-1-1-1-1-1-2-2-2-2-2-2/
G80324IX,G63277QV	WURCS=2.0/3,14,0+/[axxxxh-1x_1-5_2*NCC/3=O][axxxxh-1x_1-5][axxxxA-1x_1-5]/1-1-1-1-1-2-2-2-2-2-2-2-2-3/
G10078JE,G05637SS,G34555XH	WURCS=2.0/2,17,0+/[axxxxh-1x_1-5_2*NCC/3=O][axxxxh-1x_1-5]/1-1-1-1-1-1-1-2-2-2-2-2-2-2-2-2-2/
G32553MK,G38036OL,G02743FN,G65814GR	WURCS=2.0/2,16,0+/[axxxxh-1x_1-5_2*NCC/3=O][axxxxh-1x_1-5]/1-1-1-1-1-1-1-2-2-2-2-2-2-2-2-2/
G61297GZ,G60699SJ	WURCS=2.0/2,15,0+/[axxxxh-1x_1-5_2*NCC/3=O][axxxxh-1x_1-5]/1-1-1-1-1-1-1-1-2-2-2-2-2-2-2/
G80410YU,G31530KQ	WURCS=2.0/2,18,0+/[axxxxh-1x_1-5_2*NCC/3=O][axxxxh-1x_1-5]/1-1-1-1-1-1-1-2-2-2-2-2-2-2-2-2-2-2/
G58472BZ,G18398TC,G28182LP	WURCS=2.0/2,9,0+/[axxxxh-1x_1-5_2*NCC/3=O][axxxxh-1x_1-5]/1-1-1-1-2-2-2-2-2/
G70280CS,G33301RI	WURCS=2.0/2,14,0+/[axxxxh-1x_1-5_2*NCC/3=O][axxxxh-1x_1-5]/1-1-1-1-1-1-1-2-2-2-2-2-2-2/
G81104AY,G92463DS	WURCS=2.0/2,8,0+/[axxxxh-1x_1-5_2*NCC/3=O][axxxxh-1x_1-5]/1-1-1-1-2-2-2-2/
G72090VW,G21408ZT	WURCS=2.0/3,14,0+/[axxxxh-1x_1-5_2*NCC/3=O][axxxxh-1x_1-5][axxxxA-1x_1-5]/1-1-1-1-1-1-2-2-2-2-2-2-2-3/
G09351HG,G85523KA,G92474WU	WURCS=2.0/3,12,0+/[axxxxh-1x_1-5_2*NCC/3=O][axxxxh-1x_1-5][axxxxA-1x_1-5]/1-1-1-1-1-2-2-2-2-2-2-3/
G34401VS,G49465VJ	WURCS=2.0/2,7,0+/[axxxxh-1x_1-5_2*NCC/3=O][axxxxh-1x_1-5]/1-1-1-1-2-2-2/
G40498XD,G00681RS	WURCS=2.0/2,7,0+/[axxxxh-1x_1-5_2*NCC/3=O][axxxxh-1x_1-5]/1-1-1-2-2-2-2/
G56185CU,G73760WL	WURCS=2.0/2,5,0+/[axxxxh-1x_1-5_2*NCC/3=O][axxxxh-1x_1-5]/1-1-2-2-2/
G78920EP,G21703HW,G42340AQ,G67604BV	WURCS=2.0/2,13,0+/[axxxxh-1x_1-5_2*NCC/3=O][axxxxh-1x_1-5]/1-1-1-1-1-2-2-2-2-2-2-2-2/
G88761JB,G68764CR,G74339BE	WURCS=2.0/2,15,0+/[axxxxh-1x_1-5_2*NCC/3=O][axxxxh-1x_1-5]/1-1-1-1-1-1-2-2-2-2-2-2-2-2-2/
G46902RC,G34549PZ	WURCS=2.0/2,15,0+/[axxxxh-1x_1-5_2*NCC/3=O][axxxxh-1x_1-5]/1-1-1-1-1-1-1-2-2-2-2-2-2-2-2/
G66522JV,G28528SC	WURCS=2.0/3,12,0+/[Aad21122h-2a_2-6_5*NCC/3=O][axxxxh-1x_1-5_2*NCC/3=O][axxxxh-1x_1-5]/1-2-2-2-2-2-3-3-3-3-3-3/
G58609GW,G60123QF	WURCS=2.0/2,11,0+/[axxxxh-1x_1-5_2*NCC/3=O][axxxxh-1x_1-5]/1-1-1-1-2-2-2-2-2-2-2/
